{"/Users/admin/mara/src/index.js": {"path":"/Users/admin/mara/src/index.js","statementMap":{"0":{"start":{"line":10,"column":15},"end":{"line":16,"column":1}},"1":{"start":{"line":11,"column":2},"end":{"line":11,"column":17}},"2":{"start":{"line":12,"column":22},"end":{"line":12,"column":28}},"3":{"start":{"line":13,"column":19},"end":{"line":13,"column":26}},"4":{"start":{"line":14,"column":18},"end":{"line":14,"column":45}},"5":{"start":{"line":15,"column":2},"end":{"line":15,"column":38}},"6":{"start":{"line":24,"column":4},"end":{"line":24,"column":86}},"7":{"start":{"line":24,"column":41},"end":{"line":24,"column":83}},"8":{"start":{"line":25,"column":4},"end":{"line":25,"column":24}},"9":{"start":{"line":26,"column":4},"end":{"line":26,"column":27}},"10":{"start":{"line":27,"column":4},"end":{"line":27,"column":20}},"11":{"start":{"line":31,"column":4},"end":{"line":33,"column":5}},"12":{"start":{"line":32,"column":6},"end":{"line":32,"column":28}},"13":{"start":{"line":38,"column":4},"end":{"line":38,"column":40}},"14":{"start":{"line":38,"column":33},"end":{"line":38,"column":40}},"15":{"start":{"line":39,"column":4},"end":{"line":51,"column":5}},"16":{"start":{"line":40,"column":6},"end":{"line":40,"column":23}},"17":{"start":{"line":41,"column":22},"end":{"line":41,"column":56}},"18":{"start":{"line":42,"column":6},"end":{"line":42,"column":26}},"19":{"start":{"line":43,"column":6},"end":{"line":43,"column":35}},"20":{"start":{"line":44,"column":6},"end":{"line":44,"column":28}},"21":{"start":{"line":45,"column":6},"end":{"line":45,"column":36}},"22":{"start":{"line":46,"column":6},"end":{"line":46,"column":80}},"23":{"start":{"line":47,"column":6},"end":{"line":47,"column":38}},"24":{"start":{"line":48,"column":6},"end":{"line":48,"column":25}},"25":{"start":{"line":50,"column":6},"end":{"line":50,"column":23}},"26":{"start":{"line":52,"column":4},"end":{"line":56,"column":5}},"27":{"start":{"line":53,"column":20},"end":{"line":53,"column":51}},"28":{"start":{"line":54,"column":6},"end":{"line":54,"column":77}},"29":{"start":{"line":55,"column":6},"end":{"line":55,"column":38}},"30":{"start":{"line":61,"column":4},"end":{"line":61,"column":25}},"31":{"start":{"line":61,"column":18},"end":{"line":61,"column":25}},"32":{"start":{"line":62,"column":4},"end":{"line":65,"column":7}},"33":{"start":{"line":70,"column":4},"end":{"line":70,"column":25}},"34":{"start":{"line":70,"column":18},"end":{"line":70,"column":25}},"35":{"start":{"line":71,"column":18},"end":{"line":71,"column":29}},"36":{"start":{"line":72,"column":4},"end":{"line":72,"column":33}},"37":{"start":{"line":72,"column":26},"end":{"line":72,"column":33}},"38":{"start":{"line":73,"column":4},"end":{"line":73,"column":28}},"39":{"start":{"line":77,"column":4},"end":{"line":77,"column":28}}},"fnMap":{"0":{"name":"(anonymous_0)","decl":{"start":{"line":10,"column":15},"end":{"line":10,"column":16}},"loc":{"start":{"line":10,"column":21},"end":{"line":16,"column":1}},"line":10},"1":{"name":"(anonymous_1)","decl":{"start":{"line":23,"column":2},"end":{"line":23,"column":3}},"loc":{"start":{"line":23,"column":25},"end":{"line":28,"column":3}},"line":23},"2":{"name":"(anonymous_2)","decl":{"start":{"line":24,"column":34},"end":{"line":24,"column":35}},"loc":{"start":{"line":24,"column":40},"end":{"line":24,"column":84}},"line":24},"3":{"name":"(anonymous_3)","decl":{"start":{"line":30,"column":2},"end":{"line":30,"column":3}},"loc":{"start":{"line":30,"column":20},"end":{"line":34,"column":3}},"line":30},"4":{"name":"(anonymous_4)","decl":{"start":{"line":37,"column":2},"end":{"line":37,"column":3}},"loc":{"start":{"line":37,"column":13},"end":{"line":57,"column":3}},"line":37},"5":{"name":"(anonymous_5)","decl":{"start":{"line":60,"column":2},"end":{"line":60,"column":3}},"loc":{"start":{"line":60,"column":16},"end":{"line":66,"column":3}},"line":60},"6":{"name":"(anonymous_6)","decl":{"start":{"line":69,"column":2},"end":{"line":69,"column":3}},"loc":{"start":{"line":69,"column":11},"end":{"line":74,"column":3}},"line":69},"7":{"name":"(anonymous_7)","decl":{"start":{"line":76,"column":2},"end":{"line":76,"column":3}},"loc":{"start":{"line":76,"column":15},"end":{"line":78,"column":3}},"line":76}},"branchMap":{"0":{"loc":{"start":{"line":15,"column":9},"end":{"line":15,"column":37}},"type":"binary-expr","locations":[{"start":{"line":15,"column":9},"end":{"line":15,"column":22}},{"start":{"line":15,"column":26},"end":{"line":15,"column":37}}],"line":15},"1":{"loc":{"start":{"line":23,"column":14},"end":{"line":23,"column":23}},"type":"default-arg","locations":[{"start":{"line":23,"column":21},"end":{"line":23,"column":23}}],"line":23},"2":{"loc":{"start":{"line":24,"column":18},"end":{"line":24,"column":85}},"type":"binary-expr","locations":[{"start":{"line":24,"column":18},"end":{"line":24,"column":29}},{"start":{"line":24,"column":34},"end":{"line":24,"column":84}}],"line":24},"3":{"loc":{"start":{"line":31,"column":4},"end":{"line":33,"column":5}},"type":"if","locations":[{"start":{"line":31,"column":4},"end":{"line":33,"column":5}},{"start":{},"end":{}}],"line":31},"4":{"loc":{"start":{"line":38,"column":4},"end":{"line":38,"column":40}},"type":"if","locations":[{"start":{"line":38,"column":4},"end":{"line":38,"column":40}},{"start":{},"end":{}}],"line":38},"5":{"loc":{"start":{"line":38,"column":8},"end":{"line":38,"column":31}},"type":"binary-expr","locations":[{"start":{"line":38,"column":8},"end":{"line":38,"column":19}},{"start":{"line":38,"column":23},"end":{"line":38,"column":31}}],"line":38},"6":{"loc":{"start":{"line":52,"column":4},"end":{"line":56,"column":5}},"type":"if","locations":[{"start":{"line":52,"column":4},"end":{"line":56,"column":5}},{"start":{},"end":{}}],"line":52},"7":{"loc":{"start":{"line":61,"column":4},"end":{"line":61,"column":25}},"type":"if","locations":[{"start":{"line":61,"column":4},"end":{"line":61,"column":25}},{"start":{},"end":{}}],"line":61},"8":{"loc":{"start":{"line":70,"column":4},"end":{"line":70,"column":25}},"type":"if","locations":[{"start":{"line":70,"column":4},"end":{"line":70,"column":25}},{"start":{},"end":{}}],"line":70},"9":{"loc":{"start":{"line":72,"column":4},"end":{"line":72,"column":33}},"type":"if","locations":[{"start":{"line":72,"column":4},"end":{"line":72,"column":33}},{"start":{},"end":{}}],"line":72}},"s":{"0":1,"1":7,"2":7,"3":7,"4":7,"5":7,"6":5,"7":0,"8":5,"9":5,"10":4,"11":5,"12":1,"13":4,"14":0,"15":4,"16":4,"17":4,"18":4,"19":4,"20":4,"21":4,"22":4,"23":4,"24":4,"25":0,"26":4,"27":1,"28":1,"29":1,"30":2,"31":0,"32":2,"33":1,"34":0,"35":1,"36":1,"37":0,"38":1,"39":1},"f":{"0":7,"1":5,"2":0,"3":5,"4":4,"5":2,"6":1,"7":1},"b":{"0":[7,0],"1":[0],"2":[5,4],"3":[1,4],"4":[0,4],"5":[4,4],"6":[1,3],"7":[0,2],"8":[0,1],"9":[0,1]},"_coverageSchema":"1a1c01bbd47fc00a2c39e90264f33305004495a9","hash":"3393835cfdffe6245ed8984c475044367b0241fa"}
}
