{"/Users/admin/mara/src/index.js": {"path":"/Users/admin/mara/src/index.js","statementMap":{"0":{"start":{"line":9,"column":0},"end":{"line":15,"column":1}},"1":{"start":{"line":10,"column":2},"end":{"line":14,"column":3}},"2":{"start":{"line":12,"column":6},"end":{"line":12,"column":35}},"3":{"start":{"line":23,"column":4},"end":{"line":23,"column":86}},"4":{"start":{"line":23,"column":41},"end":{"line":23,"column":83}},"5":{"start":{"line":24,"column":4},"end":{"line":24,"column":24}},"6":{"start":{"line":25,"column":4},"end":{"line":25,"column":27}},"7":{"start":{"line":26,"column":4},"end":{"line":26,"column":20}},"8":{"start":{"line":30,"column":4},"end":{"line":32,"column":5}},"9":{"start":{"line":31,"column":6},"end":{"line":31,"column":28}},"10":{"start":{"line":37,"column":4},"end":{"line":49,"column":5}},"11":{"start":{"line":38,"column":6},"end":{"line":38,"column":23}},"12":{"start":{"line":39,"column":22},"end":{"line":39,"column":56}},"13":{"start":{"line":40,"column":6},"end":{"line":40,"column":26}},"14":{"start":{"line":41,"column":6},"end":{"line":41,"column":35}},"15":{"start":{"line":42,"column":6},"end":{"line":42,"column":28}},"16":{"start":{"line":43,"column":6},"end":{"line":43,"column":36}},"17":{"start":{"line":44,"column":6},"end":{"line":44,"column":80}},"18":{"start":{"line":45,"column":6},"end":{"line":45,"column":38}},"19":{"start":{"line":46,"column":6},"end":{"line":46,"column":25}},"20":{"start":{"line":48,"column":6},"end":{"line":48,"column":23}},"21":{"start":{"line":50,"column":4},"end":{"line":54,"column":5}},"22":{"start":{"line":51,"column":20},"end":{"line":51,"column":51}},"23":{"start":{"line":52,"column":6},"end":{"line":52,"column":77}},"24":{"start":{"line":53,"column":6},"end":{"line":53,"column":38}},"25":{"start":{"line":59,"column":4},"end":{"line":62,"column":7}},"26":{"start":{"line":67,"column":18},"end":{"line":67,"column":29}},"27":{"start":{"line":68,"column":4},"end":{"line":68,"column":30}},"28":{"start":{"line":68,"column":23},"end":{"line":68,"column":30}},"29":{"start":{"line":69,"column":4},"end":{"line":69,"column":28}},"30":{"start":{"line":73,"column":4},"end":{"line":73,"column":28}}},"fnMap":{"0":{"name":"(anonymous_0)","decl":{"start":{"line":11,"column":4},"end":{"line":11,"column":5}},"loc":{"start":{"line":11,"column":28},"end":{"line":13,"column":5}},"line":11},"1":{"name":"(anonymous_1)","decl":{"start":{"line":22,"column":2},"end":{"line":22,"column":3}},"loc":{"start":{"line":22,"column":25},"end":{"line":27,"column":3}},"line":22},"2":{"name":"(anonymous_2)","decl":{"start":{"line":23,"column":34},"end":{"line":23,"column":35}},"loc":{"start":{"line":23,"column":40},"end":{"line":23,"column":84}},"line":23},"3":{"name":"(anonymous_3)","decl":{"start":{"line":29,"column":2},"end":{"line":29,"column":3}},"loc":{"start":{"line":29,"column":20},"end":{"line":33,"column":3}},"line":29},"4":{"name":"(anonymous_4)","decl":{"start":{"line":36,"column":2},"end":{"line":36,"column":3}},"loc":{"start":{"line":36,"column":13},"end":{"line":55,"column":3}},"line":36},"5":{"name":"(anonymous_5)","decl":{"start":{"line":58,"column":2},"end":{"line":58,"column":3}},"loc":{"start":{"line":58,"column":16},"end":{"line":63,"column":3}},"line":58},"6":{"name":"(anonymous_6)","decl":{"start":{"line":66,"column":2},"end":{"line":66,"column":3}},"loc":{"start":{"line":66,"column":11},"end":{"line":70,"column":3}},"line":66},"7":{"name":"(anonymous_7)","decl":{"start":{"line":72,"column":2},"end":{"line":72,"column":3}},"loc":{"start":{"line":72,"column":15},"end":{"line":74,"column":3}},"line":72}},"branchMap":{"0":{"loc":{"start":{"line":9,"column":0},"end":{"line":15,"column":1}},"type":"if","locations":[{"start":{"line":9,"column":0},"end":{"line":15,"column":1}},{"start":{},"end":{}}],"line":9},"1":{"loc":{"start":{"line":22,"column":14},"end":{"line":22,"column":23}},"type":"default-arg","locations":[{"start":{"line":22,"column":21},"end":{"line":22,"column":23}}],"line":22},"2":{"loc":{"start":{"line":23,"column":18},"end":{"line":23,"column":85}},"type":"binary-expr","locations":[{"start":{"line":23,"column":18},"end":{"line":23,"column":29}},{"start":{"line":23,"column":34},"end":{"line":23,"column":84}}],"line":23},"3":{"loc":{"start":{"line":30,"column":4},"end":{"line":32,"column":5}},"type":"if","locations":[{"start":{"line":30,"column":4},"end":{"line":32,"column":5}},{"start":{},"end":{}}],"line":30},"4":{"loc":{"start":{"line":50,"column":4},"end":{"line":54,"column":5}},"type":"if","locations":[{"start":{"line":50,"column":4},"end":{"line":54,"column":5}},{"start":{},"end":{}}],"line":50},"5":{"loc":{"start":{"line":68,"column":4},"end":{"line":68,"column":30}},"type":"if","locations":[{"start":{"line":68,"column":4},"end":{"line":68,"column":30}},{"start":{},"end":{}}],"line":68}},"s":{"0":1,"1":1,"2":2,"3":5,"4":0,"5":5,"6":5,"7":4,"8":5,"9":1,"10":4,"11":4,"12":4,"13":4,"14":4,"15":4,"16":4,"17":4,"18":4,"19":4,"20":0,"21":4,"22":1,"23":1,"24":1,"25":2,"26":1,"27":1,"28":0,"29":1,"30":1},"f":{"0":2,"1":5,"2":0,"3":5,"4":4,"5":2,"6":1,"7":1},"b":{"0":[1,0],"1":[0],"2":[5,4],"3":[1,4],"4":[1,3],"5":[0,1]},"_coverageSchema":"1a1c01bbd47fc00a2c39e90264f33305004495a9","hash":"979533b8945c2615ff49bc3af8b23577a0b563fe"}
,"/Users/admin/mara/src/form/forms.js": {"path":"/Users/admin/mara/src/form/forms.js","statementMap":{"0":{"start":{"line":4,"column":13},"end":{"line":13,"column":1}},"1":{"start":{"line":14,"column":14},"end":{"line":16,"column":1}},"2":{"start":{"line":15,"column":2},"end":{"line":15,"column":44}},"3":{"start":{"line":17,"column":0},"end":{"line":30,"column":2}},"4":{"start":{"line":19,"column":21},"end":{"line":24,"column":5}},"5":{"start":{"line":26,"column":4},"end":{"line":28,"column":10}},"6":{"start":{"line":27,"column":6},"end":{"line":27,"column":58}}},"fnMap":{"0":{"name":"(anonymous_0)","decl":{"start":{"line":14,"column":14},"end":{"line":14,"column":15}},"loc":{"start":{"line":14,"column":39},"end":{"line":16,"column":1}},"line":14},"1":{"name":"(anonymous_1)","decl":{"start":{"line":18,"column":2},"end":{"line":18,"column":3}},"loc":{"start":{"line":18,"column":16},"end":{"line":29,"column":3}},"line":18},"2":{"name":"(anonymous_2)","decl":{"start":{"line":26,"column":15},"end":{"line":26,"column":16}},"loc":{"start":{"line":26,"column":21},"end":{"line":28,"column":5}},"line":26}},"branchMap":{"0":{"loc":{"start":{"line":23,"column":11},"end":{"line":23,"column":40}},"type":"cond-expr","locations":[{"start":{"line":23,"column":22},"end":{"line":23,"column":35}},{"start":{"line":23,"column":38},"end":{"line":23,"column":40}}],"line":23}},"s":{"0":1,"1":1,"2":4,"3":1,"4":2,"5":2,"6":1},"f":{"0":4,"1":2,"2":1},"b":{"0":[2,0]},"_coverageSchema":"1a1c01bbd47fc00a2c39e90264f33305004495a9","hash":"3e3ea9e2dd503599feddc5e4330efb792a6e8270"}
,"/Users/admin/mara/src/probe/ajaxerr.js": {"path":"/Users/admin/mara/src/probe/ajaxerr.js","statementMap":{"0":{"start":{"line":3,"column":13},"end":{"line":3,"column":15}},"1":{"start":{"line":4,"column":16},"end":{"line":6,"column":1}},"2":{"start":{"line":5,"column":2},"end":{"line":5,"column":21}},"3":{"start":{"line":8,"column":21},"end":{"line":14,"column":1}},"4":{"start":{"line":9,"column":2},"end":{"line":13,"column":5}},"5":{"start":{"line":16,"column":21},"end":{"line":22,"column":1}},"6":{"start":{"line":17,"column":2},"end":{"line":21,"column":5}},"7":{"start":{"line":25,"column":0},"end":{"line":65,"column":2}},"8":{"start":{"line":26,"column":15},"end":{"line":26,"column":19}},"9":{"start":{"line":27,"column":2},"end":{"line":27,"column":34}},"10":{"start":{"line":28,"column":2},"end":{"line":28,"column":46}},"11":{"start":{"line":29,"column":43},"end":{"line":29,"column":67}},"12":{"start":{"line":31,"column":27},"end":{"line":38,"column":3}},"13":{"start":{"line":32,"column":4},"end":{"line":36,"column":5}},"14":{"start":{"line":32,"column":17},"end":{"line":32,"column":18}},"15":{"start":{"line":33,"column":6},"end":{"line":35,"column":7}},"16":{"start":{"line":34,"column":8},"end":{"line":34,"column":19}},"17":{"start":{"line":37,"column":4},"end":{"line":37,"column":16}},"18":{"start":{"line":40,"column":2},"end":{"line":47,"column":4}},"19":{"start":{"line":41,"column":17},"end":{"line":41,"column":31}},"20":{"start":{"line":42,"column":4},"end":{"line":42,"column":80}},"21":{"start":{"line":42,"column":46},"end":{"line":42,"column":80}},"22":{"start":{"line":43,"column":18},"end":{"line":43,"column":26}},"23":{"start":{"line":44,"column":4},"end":{"line":44,"column":25}},"24":{"start":{"line":45,"column":4},"end":{"line":45,"column":38}},"25":{"start":{"line":46,"column":4},"end":{"line":46,"column":32}},"26":{"start":{"line":49,"column":2},"end":{"line":56,"column":3}},"27":{"start":{"line":50,"column":4},"end":{"line":50,"column":70}},"28":{"start":{"line":50,"column":23},"end":{"line":50,"column":70}},"29":{"start":{"line":51,"column":25},"end":{"line":51,"column":39}},"30":{"start":{"line":52,"column":4},"end":{"line":54,"column":5}},"31":{"start":{"line":53,"column":6},"end":{"line":53,"column":46}},"32":{"start":{"line":55,"column":4},"end":{"line":55,"column":44}},"33":{"start":{"line":58,"column":2},"end":{"line":64,"column":3}},"34":{"start":{"line":59,"column":4},"end":{"line":59,"column":58}},"35":{"start":{"line":59,"column":23},"end":{"line":59,"column":58}},"36":{"start":{"line":60,"column":4},"end":{"line":62,"column":5}},"37":{"start":{"line":61,"column":6},"end":{"line":61,"column":50}},"38":{"start":{"line":63,"column":4},"end":{"line":63,"column":32}},"39":{"start":{"line":67,"column":0},"end":{"line":114,"column":2}},"40":{"start":{"line":68,"column":2},"end":{"line":68,"column":32}},"41":{"start":{"line":68,"column":25},"end":{"line":68,"column":32}},"42":{"start":{"line":69,"column":2},"end":{"line":69,"column":29}},"43":{"start":{"line":71,"column":24},"end":{"line":71,"column":27}},"44":{"start":{"line":73,"column":2},"end":{"line":99,"column":4}},"45":{"start":{"line":74,"column":19},"end":{"line":74,"column":29}},"46":{"start":{"line":75,"column":18},"end":{"line":75,"column":49}},"47":{"start":{"line":76,"column":4},"end":{"line":80,"column":5}},"48":{"start":{"line":77,"column":6},"end":{"line":77,"column":35}},"49":{"start":{"line":79,"column":6},"end":{"line":79,"column":23}},"50":{"start":{"line":82,"column":4},"end":{"line":86,"column":5}},"51":{"start":{"line":83,"column":6},"end":{"line":83,"column":41}},"52":{"start":{"line":85,"column":6},"end":{"line":85,"column":29}},"53":{"start":{"line":87,"column":20},"end":{"line":91,"column":5}},"54":{"start":{"line":92,"column":4},"end":{"line":92,"column":38}},"55":{"start":{"line":92,"column":32},"end":{"line":92,"column":38}},"56":{"start":{"line":93,"column":4},"end":{"line":98,"column":5}},"57":{"start":{"line":94,"column":6},"end":{"line":94,"column":51}},"58":{"start":{"line":96,"column":6},"end":{"line":97,"column":53}},"59":{"start":{"line":97,"column":8},"end":{"line":97,"column":53}},"60":{"start":{"line":101,"column":2},"end":{"line":103,"column":4}},"61":{"start":{"line":102,"column":4},"end":{"line":102,"column":70}},"62":{"start":{"line":105,"column":2},"end":{"line":113,"column":4}},"63":{"start":{"line":106,"column":4},"end":{"line":110,"column":7}},"64":{"start":{"line":112,"column":4},"end":{"line":112,"column":47}}},"fnMap":{"0":{"name":"(anonymous_0)","decl":{"start":{"line":4,"column":16},"end":{"line":4,"column":17}},"loc":{"start":{"line":4,"column":33},"end":{"line":6,"column":1}},"line":4},"1":{"name":"(anonymous_1)","decl":{"start":{"line":8,"column":21},"end":{"line":8,"column":22}},"loc":{"start":{"line":8,"column":46},"end":{"line":14,"column":1}},"line":8},"2":{"name":"(anonymous_2)","decl":{"start":{"line":16,"column":21},"end":{"line":16,"column":22}},"loc":{"start":{"line":16,"column":46},"end":{"line":22,"column":1}},"line":16},"3":{"name":"(anonymous_3)","decl":{"start":{"line":25,"column":26},"end":{"line":25,"column":27}},"loc":{"start":{"line":25,"column":75},"end":{"line":65,"column":1}},"line":25},"4":{"name":"(anonymous_4)","decl":{"start":{"line":31,"column":27},"end":{"line":31,"column":28}},"loc":{"start":{"line":31,"column":34},"end":{"line":38,"column":3}},"line":31},"5":{"name":"(anonymous_5)","decl":{"start":{"line":40,"column":34},"end":{"line":40,"column":35}},"loc":{"start":{"line":40,"column":45},"end":{"line":47,"column":3}},"line":40},"6":{"name":"(anonymous_6)","decl":{"start":{"line":49,"column":46},"end":{"line":49,"column":47}},"loc":{"start":{"line":49,"column":57},"end":{"line":56,"column":3}},"line":49},"7":{"name":"(anonymous_7)","decl":{"start":{"line":58,"column":34},"end":{"line":58,"column":35}},"loc":{"start":{"line":58,"column":45},"end":{"line":64,"column":3}},"line":58},"8":{"name":"(anonymous_8)","decl":{"start":{"line":67,"column":32},"end":{"line":67,"column":33}},"loc":{"start":{"line":67,"column":53},"end":{"line":114,"column":1}},"line":67},"9":{"name":"(anonymous_9)","decl":{"start":{"line":73,"column":34},"end":{"line":73,"column":35}},"loc":{"start":{"line":73,"column":40},"end":{"line":99,"column":3}},"line":73},"10":{"name":"(anonymous_10)","decl":{"start":{"line":101,"column":32},"end":{"line":101,"column":33}},"loc":{"start":{"line":101,"column":38},"end":{"line":103,"column":3}},"line":101},"11":{"name":"(anonymous_11)","decl":{"start":{"line":105,"column":18},"end":{"line":105,"column":19}},"loc":{"start":{"line":105,"column":33},"end":{"line":113,"column":3}},"line":105}},"branchMap":{"0":{"loc":{"start":{"line":25,"column":36},"end":{"line":25,"column":56}},"type":"default-arg","locations":[{"start":{"line":25,"column":51},"end":{"line":25,"column":56}}],"line":25},"1":{"loc":{"start":{"line":28,"column":25},"end":{"line":28,"column":46}},"type":"binary-expr","locations":[{"start":{"line":28,"column":25},"end":{"line":28,"column":40}},{"start":{"line":28,"column":44},"end":{"line":28,"column":46}}],"line":28},"2":{"loc":{"start":{"line":33,"column":6},"end":{"line":35,"column":7}},"type":"if","locations":[{"start":{"line":33,"column":6},"end":{"line":35,"column":7}},{"start":{},"end":{}}],"line":33},"3":{"loc":{"start":{"line":42,"column":4},"end":{"line":42,"column":80}},"type":"if","locations":[{"start":{"line":42,"column":4},"end":{"line":42,"column":80}},{"start":{},"end":{}}],"line":42},"4":{"loc":{"start":{"line":42,"column":8},"end":{"line":42,"column":44}},"type":"binary-expr","locations":[{"start":{"line":42,"column":8},"end":{"line":42,"column":15}},{"start":{"line":42,"column":19},"end":{"line":42,"column":44}}],"line":42},"5":{"loc":{"start":{"line":50,"column":4},"end":{"line":50,"column":70}},"type":"if","locations":[{"start":{"line":50,"column":4},"end":{"line":50,"column":70}},{"start":{},"end":{}}],"line":50},"6":{"loc":{"start":{"line":52,"column":4},"end":{"line":54,"column":5}},"type":"if","locations":[{"start":{"line":52,"column":4},"end":{"line":54,"column":5}},{"start":{},"end":{}}],"line":52},"7":{"loc":{"start":{"line":52,"column":8},"end":{"line":52,"column":96}},"type":"binary-expr","locations":[{"start":{"line":52,"column":8},"end":{"line":52,"column":44}},{"start":{"line":52,"column":48},"end":{"line":52,"column":96}}],"line":52},"8":{"loc":{"start":{"line":59,"column":4},"end":{"line":59,"column":58}},"type":"if","locations":[{"start":{"line":59,"column":4},"end":{"line":59,"column":58}},{"start":{},"end":{}}],"line":59},"9":{"loc":{"start":{"line":60,"column":4},"end":{"line":62,"column":5}},"type":"if","locations":[{"start":{"line":60,"column":4},"end":{"line":62,"column":5}},{"start":{},"end":{}}],"line":60},"10":{"loc":{"start":{"line":68,"column":2},"end":{"line":68,"column":32}},"type":"if","locations":[{"start":{"line":68,"column":2},"end":{"line":68,"column":32}},{"start":{},"end":{}}],"line":68},"11":{"loc":{"start":{"line":75,"column":18},"end":{"line":75,"column":49}},"type":"binary-expr","locations":[{"start":{"line":75,"column":18},"end":{"line":75,"column":43}},{"start":{"line":75,"column":47},"end":{"line":75,"column":49}}],"line":75},"12":{"loc":{"start":{"line":92,"column":4},"end":{"line":92,"column":38}},"type":"if","locations":[{"start":{"line":92,"column":4},"end":{"line":92,"column":38}},{"start":{},"end":{}}],"line":92},"13":{"loc":{"start":{"line":93,"column":4},"end":{"line":98,"column":5}},"type":"if","locations":[{"start":{"line":93,"column":4},"end":{"line":98,"column":5}},{"start":{"line":95,"column":11},"end":{"line":98,"column":5}}],"line":93},"14":{"loc":{"start":{"line":96,"column":6},"end":{"line":97,"column":53}},"type":"if","locations":[{"start":{"line":96,"column":6},"end":{"line":97,"column":53}},{"start":{},"end":{}}],"line":96},"15":{"loc":{"start":{"line":102,"column":29},"end":{"line":102,"column":57}},"type":"binary-expr","locations":[{"start":{"line":102,"column":29},"end":{"line":102,"column":39}},{"start":{"line":102,"column":43},"end":{"line":102,"column":57}}],"line":102},"16":{"loc":{"start":{"line":112,"column":4},"end":{"line":112,"column":46}},"type":"binary-expr","locations":[{"start":{"line":112,"column":4},"end":{"line":112,"column":13}},{"start":{"line":112,"column":17},"end":{"line":112,"column":46}}],"line":112}},"s":{"0":1,"1":1,"2":4,"3":1,"4":0,"5":1,"6":0,"7":1,"8":4,"9":4,"10":4,"11":4,"12":4,"13":0,"14":0,"15":0,"16":0,"17":0,"18":4,"19":0,"20":0,"21":0,"22":0,"23":0,"24":0,"25":0,"26":4,"27":0,"28":0,"29":0,"30":0,"31":0,"32":0,"33":4,"34":0,"35":0,"36":0,"37":0,"38":0,"39":1,"40":0,"41":0,"42":0,"43":0,"44":0,"45":0,"46":0,"47":0,"48":0,"49":0,"50":0,"51":0,"52":0,"53":0,"54":0,"55":0,"56":0,"57":0,"58":0,"59":0,"60":0,"61":0,"62":0,"63":0,"64":0},"f":{"0":4,"1":0,"2":0,"3":4,"4":0,"5":0,"6":0,"7":0,"8":0,"9":0,"10":0,"11":0},"b":{"0":[3],"1":[4,4],"2":[0,0],"3":[0,0],"4":[0,0],"5":[0,0],"6":[0,0],"7":[0,0],"8":[0,0],"9":[0,0],"10":[0,0],"11":[0,0],"12":[0,0],"13":[0,0],"14":[0,0],"15":[0,0],"16":[0,0]},"_coverageSchema":"1a1c01bbd47fc00a2c39e90264f33305004495a9","hash":"62377bd985fe30b16ef0ca2702ed55e4982d9142"}
,"/Users/admin/mara/src/probe/fetcherr.js": {"path":"/Users/admin/mara/src/probe/fetcherr.js","statementMap":{"0":{"start":{"line":1,"column":17},"end":{"line":3,"column":1}},"1":{"start":{"line":2,"column":2},"end":{"line":2,"column":21}},"2":{"start":{"line":4,"column":0},"end":{"line":44,"column":2}},"3":{"start":{"line":5,"column":2},"end":{"line":5,"column":28}},"4":{"start":{"line":5,"column":21},"end":{"line":5,"column":28}},"5":{"start":{"line":6,"column":22},"end":{"line":6,"column":34}},"6":{"start":{"line":7,"column":2},"end":{"line":43,"column":4}},"7":{"start":{"line":8,"column":17},"end":{"line":8,"column":22}},"8":{"start":{"line":9,"column":14},"end":{"line":9,"column":25}},"9":{"start":{"line":10,"column":4},"end":{"line":15,"column":5}},"10":{"start":{"line":11,"column":6},"end":{"line":11,"column":76}},"11":{"start":{"line":12,"column":11},"end":{"line":15,"column":5}},"12":{"start":{"line":13,"column":6},"end":{"line":13,"column":38}},"13":{"start":{"line":14,"column":6},"end":{"line":14,"column":28}},"14":{"start":{"line":17,"column":4},"end":{"line":42,"column":9}},"15":{"start":{"line":19,"column":23},"end":{"line":19,"column":39}},"16":{"start":{"line":20,"column":8},"end":{"line":26,"column":9}},"17":{"start":{"line":21,"column":10},"end":{"line":25,"column":13}},"18":{"start":{"line":27,"column":8},"end":{"line":27,"column":20}},"19":{"start":{"line":31,"column":8},"end":{"line":35,"column":9}},"20":{"start":{"line":32,"column":10},"end":{"line":32,"column":71}},"21":{"start":{"line":34,"column":10},"end":{"line":34,"column":55}},"22":{"start":{"line":36,"column":8},"end":{"line":40,"column":11}},"23":{"start":{"line":41,"column":8},"end":{"line":41,"column":18}}},"fnMap":{"0":{"name":"(anonymous_0)","decl":{"start":{"line":1,"column":17},"end":{"line":1,"column":18}},"loc":{"start":{"line":1,"column":34},"end":{"line":3,"column":1}},"line":1},"1":{"name":"(anonymous_1)","decl":{"start":{"line":4,"column":27},"end":{"line":4,"column":28}},"loc":{"start":{"line":4,"column":39},"end":{"line":44,"column":1}},"line":4},"2":{"name":"(anonymous_2)","decl":{"start":{"line":7,"column":17},"end":{"line":7,"column":18}},"loc":{"start":{"line":7,"column":40},"end":{"line":43,"column":3}},"line":7},"3":{"name":"(anonymous_3)","decl":{"start":{"line":18,"column":12},"end":{"line":18,"column":13}},"loc":{"start":{"line":18,"column":22},"end":{"line":28,"column":7}},"line":18},"4":{"name":"(anonymous_4)","decl":{"start":{"line":29,"column":13},"end":{"line":29,"column":14}},"loc":{"start":{"line":29,"column":22},"end":{"line":42,"column":7}},"line":29}},"branchMap":{"0":{"loc":{"start":{"line":5,"column":2},"end":{"line":5,"column":28}},"type":"if","locations":[{"start":{"line":5,"column":2},"end":{"line":5,"column":28}},{"start":{},"end":{}}],"line":5},"1":{"loc":{"start":{"line":9,"column":14},"end":{"line":9,"column":25}},"type":"binary-expr","locations":[{"start":{"line":9,"column":14},"end":{"line":9,"column":19}},{"start":{"line":9,"column":23},"end":{"line":9,"column":25}}],"line":9},"2":{"loc":{"start":{"line":10,"column":4},"end":{"line":15,"column":5}},"type":"if","locations":[{"start":{"line":10,"column":4},"end":{"line":15,"column":5}},{"start":{"line":12,"column":11},"end":{"line":15,"column":5}}],"line":10},"3":{"loc":{"start":{"line":11,"column":15},"end":{"line":11,"column":75}},"type":"cond-expr","locations":[{"start":{"line":11,"column":49},"end":{"line":11,"column":66}},{"start":{"line":11,"column":69},"end":{"line":11,"column":75}}],"line":11},"4":{"loc":{"start":{"line":11,"column":15},"end":{"line":11,"column":46}},"type":"binary-expr","locations":[{"start":{"line":11,"column":15},"end":{"line":11,"column":25}},{"start":{"line":11,"column":29},"end":{"line":11,"column":46}}],"line":11},"5":{"loc":{"start":{"line":12,"column":11},"end":{"line":15,"column":5}},"type":"if","locations":[{"start":{"line":12,"column":11},"end":{"line":15,"column":5}},{"start":{},"end":{}}],"line":12},"6":{"loc":{"start":{"line":13,"column":15},"end":{"line":13,"column":37}},"type":"binary-expr","locations":[{"start":{"line":13,"column":15},"end":{"line":13,"column":27}},{"start":{"line":13,"column":31},"end":{"line":13,"column":37}}],"line":13},"7":{"loc":{"start":{"line":14,"column":12},"end":{"line":14,"column":27}},"type":"binary-expr","locations":[{"start":{"line":14,"column":12},"end":{"line":14,"column":21}},{"start":{"line":14,"column":25},"end":{"line":14,"column":27}}],"line":14},"8":{"loc":{"start":{"line":20,"column":8},"end":{"line":26,"column":9}},"type":"if","locations":[{"start":{"line":20,"column":8},"end":{"line":26,"column":9}},{"start":{},"end":{}}],"line":20},"9":{"loc":{"start":{"line":20,"column":12},"end":{"line":20,"column":59}},"type":"binary-expr","locations":[{"start":{"line":20,"column":12},"end":{"line":20,"column":42}},{"start":{"line":20,"column":46},"end":{"line":20,"column":59}}],"line":20},"10":{"loc":{"start":{"line":32,"column":16},"end":{"line":32,"column":70}},"type":"cond-expr","locations":[{"start":{"line":32,"column":37},"end":{"line":32,"column":48}},{"start":{"line":32,"column":51},"end":{"line":32,"column":70}}],"line":32},"11":{"loc":{"start":{"line":32,"column":16},"end":{"line":32,"column":34}},"type":"binary-expr","locations":[{"start":{"line":32,"column":16},"end":{"line":32,"column":19}},{"start":{"line":32,"column":23},"end":{"line":32,"column":34}}],"line":32},"12":{"loc":{"start":{"line":34,"column":16},"end":{"line":34,"column":54}},"type":"cond-expr","locations":[{"start":{"line":34,"column":37},"end":{"line":34,"column":48}},{"start":{"line":34,"column":51},"end":{"line":34,"column":54}}],"line":34},"13":{"loc":{"start":{"line":34,"column":16},"end":{"line":34,"column":34}},"type":"binary-expr","locations":[{"start":{"line":34,"column":16},"end":{"line":34,"column":19}},{"start":{"line":34,"column":23},"end":{"line":34,"column":34}}],"line":34}},"s":{"0":1,"1":4,"2":1,"3":4,"4":4,"5":0,"6":0,"7":0,"8":0,"9":0,"10":0,"11":0,"12":0,"13":0,"14":0,"15":0,"16":0,"17":0,"18":0,"19":0,"20":0,"21":0,"22":0,"23":0},"f":{"0":4,"1":4,"2":0,"3":0,"4":0},"b":{"0":[4,0],"1":[0,0],"2":[0,0],"3":[0,0],"4":[0,0],"5":[0,0],"6":[0,0],"7":[0,0],"8":[0,0],"9":[0,0],"10":[0,0],"11":[0,0],"12":[0,0],"13":[0,0]},"_coverageSchema":"1a1c01bbd47fc00a2c39e90264f33305004495a9","hash":"16a1baa6621ec35fbf33dfe1d068f43c8ab56028"}
,"/Users/admin/mara/src/probe/winerr.js": {"path":"/Users/admin/mara/src/probe/winerr.js","statementMap":{"0":{"start":{"line":4,"column":14},"end":{"line":11,"column":1}},"1":{"start":{"line":5,"column":2},"end":{"line":9,"column":5}},"2":{"start":{"line":10,"column":2},"end":{"line":10,"column":14}},"3":{"start":{"line":13,"column":15},"end":{"line":15,"column":1}},"4":{"start":{"line":14,"column":2},"end":{"line":14,"column":21}},"5":{"start":{"line":17,"column":0},"end":{"line":29,"column":2}},"6":{"start":{"line":18,"column":22},"end":{"line":18,"column":28}},"7":{"start":{"line":19,"column":2},"end":{"line":23,"column":4}},"8":{"start":{"line":20,"column":4},"end":{"line":20,"column":65}},"9":{"start":{"line":20,"column":39},"end":{"line":20,"column":65}},"10":{"start":{"line":22,"column":4},"end":{"line":22,"column":67}}},"fnMap":{"0":{"name":"(anonymous_0)","decl":{"start":{"line":4,"column":14},"end":{"line":4,"column":15}},"loc":{"start":{"line":4,"column":56},"end":{"line":11,"column":1}},"line":4},"1":{"name":"(anonymous_1)","decl":{"start":{"line":13,"column":15},"end":{"line":13,"column":16}},"loc":{"start":{"line":13,"column":32},"end":{"line":15,"column":1}},"line":13},"2":{"name":"(anonymous_2)","decl":{"start":{"line":17,"column":25},"end":{"line":17,"column":26}},"loc":{"start":{"line":17,"column":37},"end":{"line":29,"column":1}},"line":17},"3":{"name":"(anonymous_3)","decl":{"start":{"line":19,"column":19},"end":{"line":19,"column":20}},"loc":{"start":{"line":19,"column":32},"end":{"line":23,"column":3}},"line":19}},"branchMap":{"0":{"loc":{"start":{"line":7,"column":26},"end":{"line":7,"column":42}},"type":"binary-expr","locations":[{"start":{"line":7,"column":26},"end":{"line":7,"column":29}},{"start":{"line":7,"column":33},"end":{"line":7,"column":42}}],"line":7},"1":{"loc":{"start":{"line":20,"column":4},"end":{"line":20,"column":65}},"type":"if","locations":[{"start":{"line":20,"column":4},"end":{"line":20,"column":65}},{"start":{},"end":{}}],"line":20}},"s":{"0":1,"1":0,"2":0,"3":1,"4":4,"5":1,"6":4,"7":4,"8":0,"9":0,"10":0},"f":{"0":0,"1":4,"2":4,"3":0},"b":{"0":[0,0],"1":[0,0]},"_coverageSchema":"1a1c01bbd47fc00a2c39e90264f33305004495a9","hash":"a8935fd09df2ef7d7a74f16aef89540658964ca3"}
,"/Users/admin/mara/src/show/panel.js": {"path":"/Users/admin/mara/src/show/panel.js","statementMap":{"0":{"start":{"line":4,"column":2},"end":{"line":4,"column":17}},"1":{"start":{"line":5,"column":2},"end":{"line":5,"column":20}},"2":{"start":{"line":8,"column":0},"end":{"line":28,"column":2}},"3":{"start":{"line":10,"column":4},"end":{"line":10,"column":71}},"4":{"start":{"line":12,"column":4},"end":{"line":12,"column":39}},"5":{"start":{"line":12,"column":33},"end":{"line":12,"column":39}},"6":{"start":{"line":13,"column":4},"end":{"line":13,"column":29}},"7":{"start":{"line":16,"column":20},"end":{"line":16,"column":89}},"8":{"start":{"line":17,"column":4},"end":{"line":21,"column":5}},"9":{"start":{"line":18,"column":6},"end":{"line":20,"column":7}},"10":{"start":{"line":19,"column":8},"end":{"line":19,"column":26}},"11":{"start":{"line":22,"column":4},"end":{"line":22,"column":25}},"12":{"start":{"line":23,"column":4},"end":{"line":26,"column":5}},"13":{"start":{"line":24,"column":6},"end":{"line":24,"column":24}},"14":{"start":{"line":25,"column":6},"end":{"line":25,"column":17}},"15":{"start":{"line":30,"column":0},"end":{"line":46,"column":1}},"16":{"start":{"line":31,"column":2},"end":{"line":36,"column":4}},"17":{"start":{"line":32,"column":27},"end":{"line":32,"column":48}},"18":{"start":{"line":33,"column":4},"end":{"line":35,"column":5}},"19":{"start":{"line":34,"column":6},"end":{"line":34,"column":49}},"20":{"start":{"line":40,"column":2},"end":{"line":45,"column":5}},"21":{"start":{"line":41,"column":4},"end":{"line":41,"column":34}},"22":{"start":{"line":42,"column":4},"end":{"line":44,"column":5}},"23":{"start":{"line":43,"column":6},"end":{"line":43,"column":33}},"24":{"start":{"line":48,"column":0},"end":{"line":50,"column":1}},"25":{"start":{"line":49,"column":2},"end":{"line":49,"column":28}}},"fnMap":{"0":{"name":"Panel","decl":{"start":{"line":3,"column":9},"end":{"line":3,"column":14}},"loc":{"start":{"line":3,"column":20},"end":{"line":6,"column":1}},"line":3},"1":{"name":"(anonymous_1)","decl":{"start":{"line":9,"column":2},"end":{"line":9,"column":3}},"loc":{"start":{"line":9,"column":13},"end":{"line":14,"column":3}},"line":9},"2":{"name":"(anonymous_2)","decl":{"start":{"line":15,"column":2},"end":{"line":15,"column":3}},"loc":{"start":{"line":15,"column":28},"end":{"line":27,"column":3}},"line":15},"3":{"name":"(anonymous_3)","decl":{"start":{"line":30,"column":37},"end":{"line":30,"column":38}},"loc":{"start":{"line":30,"column":49},"end":{"line":46,"column":1}},"line":30},"4":{"name":"(anonymous_4)","decl":{"start":{"line":31,"column":62},"end":{"line":31,"column":63}},"loc":{"start":{"line":31,"column":69},"end":{"line":36,"column":3}},"line":31},"5":{"name":"(anonymous_5)","decl":{"start":{"line":40,"column":39},"end":{"line":40,"column":40}},"loc":{"start":{"line":40,"column":50},"end":{"line":45,"column":3}},"line":40},"6":{"name":"(anonymous_6)","decl":{"start":{"line":48,"column":29},"end":{"line":48,"column":30}},"loc":{"start":{"line":48,"column":41},"end":{"line":50,"column":1}},"line":48}},"branchMap":{"0":{"loc":{"start":{"line":12,"column":4},"end":{"line":12,"column":39}},"type":"if","locations":[{"start":{"line":12,"column":4},"end":{"line":12,"column":39}},{"start":{},"end":{}}],"line":12},"1":{"loc":{"start":{"line":16,"column":20},"end":{"line":16,"column":89}},"type":"cond-expr","locations":[{"start":{"line":16,"column":43},"end":{"line":16,"column":82}},{"start":{"line":16,"column":85},"end":{"line":16,"column":89}}],"line":16},"2":{"loc":{"start":{"line":17,"column":4},"end":{"line":21,"column":5}},"type":"if","locations":[{"start":{"line":17,"column":4},"end":{"line":21,"column":5}},{"start":{},"end":{}}],"line":17},"3":{"loc":{"start":{"line":18,"column":6},"end":{"line":20,"column":7}},"type":"if","locations":[{"start":{"line":18,"column":6},"end":{"line":20,"column":7}},{"start":{},"end":{}}],"line":18},"4":{"loc":{"start":{"line":23,"column":4},"end":{"line":26,"column":5}},"type":"if","locations":[{"start":{"line":23,"column":4},"end":{"line":26,"column":5}},{"start":{},"end":{}}],"line":23},"5":{"loc":{"start":{"line":33,"column":4},"end":{"line":35,"column":5}},"type":"if","locations":[{"start":{"line":33,"column":4},"end":{"line":35,"column":5}},{"start":{},"end":{}}],"line":33},"6":{"loc":{"start":{"line":41,"column":12},"end":{"line":41,"column":33}},"type":"binary-expr","locations":[{"start":{"line":41,"column":12},"end":{"line":41,"column":17}},{"start":{"line":41,"column":21},"end":{"line":41,"column":33}}],"line":41},"7":{"loc":{"start":{"line":42,"column":4},"end":{"line":44,"column":5}},"type":"if","locations":[{"start":{"line":42,"column":4},"end":{"line":44,"column":5}},{"start":{},"end":{}}],"line":42},"8":{"loc":{"start":{"line":42,"column":8},"end":{"line":42,"column":54}},"type":"binary-expr","locations":[{"start":{"line":42,"column":8},"end":{"line":42,"column":21}},{"start":{"line":42,"column":25},"end":{"line":42,"column":54}}],"line":42}},"s":{"0":4,"1":4,"2":1,"3":4,"4":4,"5":0,"6":4,"7":0,"8":0,"9":0,"10":0,"11":0,"12":0,"13":0,"14":0,"15":1,"16":4,"17":0,"18":0,"19":0,"20":4,"21":0,"22":0,"23":0,"24":1,"25":1},"f":{"0":4,"1":4,"2":0,"3":4,"4":0,"5":0,"6":1},"b":{"0":[0,4],"1":[0,0],"2":[0,0],"3":[0,0],"4":[0,0],"5":[0,0],"6":[0,0],"7":[0,0],"8":[0,0]},"_coverageSchema":"1a1c01bbd47fc00a2c39e90264f33305004495a9","hash":"bae10cd8b494ffc5f9b1a8f0a928f8c1e73bd324"}
,"/Users/admin/mara/src/show/showpage.js": {"path":"/Users/admin/mara/src/show/showpage.js","statementMap":{"0":{"start":{"line":11,"column":19},"end":{"line":16,"column":1}},"1":{"start":{"line":18,"column":16},"end":{"line":18,"column":20}},"2":{"start":{"line":21,"column":2},"end":{"line":21,"column":26}},"3":{"start":{"line":22,"column":2},"end":{"line":22,"column":32}},"4":{"start":{"line":23,"column":2},"end":{"line":23,"column":26}},"5":{"start":{"line":24,"column":2},"end":{"line":24,"column":27}},"6":{"start":{"line":25,"column":2},"end":{"line":25,"column":53}},"7":{"start":{"line":26,"column":2},"end":{"line":31,"column":3}},"8":{"start":{"line":27,"column":4},"end":{"line":29,"column":5}},"9":{"start":{"line":28,"column":6},"end":{"line":28,"column":114}},"10":{"start":{"line":30,"column":4},"end":{"line":30,"column":49}},"11":{"start":{"line":34,"column":19},"end":{"line":115,"column":1}},"12":{"start":{"line":35,"column":15},"end":{"line":35,"column":76}},"13":{"start":{"line":35,"column":39},"end":{"line":35,"column":75}},"14":{"start":{"line":36,"column":15},"end":{"line":36,"column":65}},"15":{"start":{"line":37,"column":19},"end":{"line":37,"column":36}},"16":{"start":{"line":38,"column":20},"end":{"line":38,"column":40}},"17":{"start":{"line":39,"column":15},"end":{"line":39,"column":33}},"18":{"start":{"line":40,"column":20},"end":{"line":40,"column":42}},"19":{"start":{"line":42,"column":2},"end":{"line":48,"column":3}},"20":{"start":{"line":43,"column":4},"end":{"line":43,"column":69}},"21":{"start":{"line":44,"column":4},"end":{"line":44,"column":52}},"22":{"start":{"line":46,"column":4},"end":{"line":46,"column":51}},"23":{"start":{"line":47,"column":4},"end":{"line":47,"column":52}},"24":{"start":{"line":49,"column":18},"end":{"line":51,"column":3}},"25":{"start":{"line":52,"column":2},"end":{"line":59,"column":3}},"26":{"start":{"line":53,"column":4},"end":{"line":53,"column":35}},"27":{"start":{"line":54,"column":4},"end":{"line":56,"column":40}},"28":{"start":{"line":58,"column":4},"end":{"line":58,"column":36}},"29":{"start":{"line":60,"column":2},"end":{"line":60,"column":33}},"30":{"start":{"line":61,"column":26},"end":{"line":66,"column":10}},"31":{"start":{"line":67,"column":17},"end":{"line":73,"column":4}},"32":{"start":{"line":74,"column":2},"end":{"line":74,"column":44}},"33":{"start":{"line":75,"column":14},"end":{"line":75,"column":59}},"34":{"start":{"line":76,"column":2},"end":{"line":114,"column":4}},"35":{"start":{"line":84,"column":6},"end":{"line":84,"column":87}},"36":{"start":{"line":85,"column":6},"end":{"line":87,"column":7}},"37":{"start":{"line":86,"column":8},"end":{"line":86,"column":27}},"38":{"start":{"line":88,"column":6},"end":{"line":88,"column":49}},"39":{"start":{"line":89,"column":6},"end":{"line":112,"column":9}},"40":{"start":{"line":90,"column":8},"end":{"line":90,"column":22}},"41":{"start":{"line":91,"column":8},"end":{"line":110,"column":23}},"42":{"start":{"line":111,"column":8},"end":{"line":111,"column":27}},"43":{"start":{"line":117,"column":17},"end":{"line":147,"column":1}},"44":{"start":{"line":118,"column":15},"end":{"line":118,"column":51}},"45":{"start":{"line":119,"column":2},"end":{"line":119,"column":84}},"46":{"start":{"line":120,"column":2},"end":{"line":122,"column":3}},"47":{"start":{"line":121,"column":4},"end":{"line":121,"column":23}},"48":{"start":{"line":123,"column":2},"end":{"line":123,"column":45}},"49":{"start":{"line":124,"column":2},"end":{"line":146,"column":5}},"50":{"start":{"line":125,"column":4},"end":{"line":144,"column":19}},"51":{"start":{"line":145,"column":4},"end":{"line":145,"column":23}},"52":{"start":{"line":149,"column":17},"end":{"line":154,"column":1}},"53":{"start":{"line":150,"column":15},"end":{"line":150,"column":76}},"54":{"start":{"line":150,"column":39},"end":{"line":150,"column":75}},"55":{"start":{"line":151,"column":13},"end":{"line":151,"column":63}},"56":{"start":{"line":152,"column":19},"end":{"line":152,"column":36}},"57":{"start":{"line":153,"column":2},"end":{"line":153,"column":35}},"58":{"start":{"line":157,"column":0},"end":{"line":188,"column":1}},"59":{"start":{"line":158,"column":15},"end":{"line":158,"column":26}},"60":{"start":{"line":159,"column":2},"end":{"line":187,"column":3}},"61":{"start":{"line":160,"column":4},"end":{"line":166,"column":6}},"62":{"start":{"line":168,"column":4},"end":{"line":186,"column":6}},"63":{"start":{"line":178,"column":8},"end":{"line":184,"column":9}},"64":{"start":{"line":179,"column":10},"end":{"line":179,"column":63}},"65":{"start":{"line":180,"column":15},"end":{"line":184,"column":9}},"66":{"start":{"line":181,"column":10},"end":{"line":181,"column":27}},"67":{"start":{"line":183,"column":10},"end":{"line":183,"column":27}},"68":{"start":{"line":195,"column":0},"end":{"line":198,"column":2}},"69":{"start":{"line":196,"column":2},"end":{"line":197,"column":21}},"70":{"start":{"line":197,"column":4},"end":{"line":197,"column":21}}},"fnMap":{"0":{"name":"ShowPage","decl":{"start":{"line":20,"column":9},"end":{"line":20,"column":17}},"loc":{"start":{"line":20,"column":32},"end":{"line":32,"column":1}},"line":20},"1":{"name":"(anonymous_1)","decl":{"start":{"line":34,"column":19},"end":{"line":34,"column":20}},"loc":{"start":{"line":34,"column":50},"end":{"line":115,"column":1}},"line":34},"2":{"name":"(anonymous_2)","decl":{"start":{"line":35,"column":31},"end":{"line":35,"column":32}},"loc":{"start":{"line":35,"column":39},"end":{"line":35,"column":75}},"line":35},"3":{"name":"(anonymous_3)","decl":{"start":{"line":83,"column":16},"end":{"line":83,"column":17}},"loc":{"start":{"line":83,"column":22},"end":{"line":113,"column":5}},"line":83},"4":{"name":"(anonymous_4)","decl":{"start":{"line":89,"column":30},"end":{"line":89,"column":31}},"loc":{"start":{"line":89,"column":42},"end":{"line":112,"column":7}},"line":89},"5":{"name":"(anonymous_5)","decl":{"start":{"line":117,"column":17},"end":{"line":117,"column":18}},"loc":{"start":{"line":117,"column":23},"end":{"line":147,"column":1}},"line":117},"6":{"name":"(anonymous_6)","decl":{"start":{"line":124,"column":26},"end":{"line":124,"column":27}},"loc":{"start":{"line":124,"column":38},"end":{"line":146,"column":3}},"line":124},"7":{"name":"(anonymous_7)","decl":{"start":{"line":149,"column":17},"end":{"line":149,"column":18}},"loc":{"start":{"line":149,"column":23},"end":{"line":154,"column":1}},"line":149},"8":{"name":"(anonymous_8)","decl":{"start":{"line":150,"column":31},"end":{"line":150,"column":32}},"loc":{"start":{"line":150,"column":39},"end":{"line":150,"column":75}},"line":150},"9":{"name":"(anonymous_9)","decl":{"start":{"line":157,"column":32},"end":{"line":157,"column":33}},"loc":{"start":{"line":157,"column":44},"end":{"line":188,"column":1}},"line":157},"10":{"name":"(anonymous_10)","decl":{"start":{"line":177,"column":18},"end":{"line":177,"column":19}},"loc":{"start":{"line":177,"column":24},"end":{"line":185,"column":7}},"line":177},"11":{"name":"(anonymous_11)","decl":{"start":{"line":195,"column":32},"end":{"line":195,"column":33}},"loc":{"start":{"line":195,"column":44},"end":{"line":198,"column":1}},"line":195}},"branchMap":{"0":{"loc":{"start":{"line":22,"column":13},"end":{"line":22,"column":31}},"type":"binary-expr","locations":[{"start":{"line":22,"column":13},"end":{"line":22,"column":21}},{"start":{"line":22,"column":25},"end":{"line":22,"column":31}}],"line":22},"1":{"loc":{"start":{"line":25,"column":19},"end":{"line":25,"column":53}},"type":"binary-expr","locations":[{"start":{"line":25,"column":19},"end":{"line":25,"column":39}},{"start":{"line":25,"column":43},"end":{"line":25,"column":53}}],"line":25},"2":{"loc":{"start":{"line":26,"column":2},"end":{"line":31,"column":3}},"type":"if","locations":[{"start":{"line":26,"column":2},"end":{"line":31,"column":3}},{"start":{},"end":{}}],"line":26},"3":{"loc":{"start":{"line":27,"column":4},"end":{"line":29,"column":5}},"type":"if","locations":[{"start":{"line":27,"column":4},"end":{"line":29,"column":5}},{"start":{},"end":{}}],"line":27},"4":{"loc":{"start":{"line":42,"column":2},"end":{"line":48,"column":3}},"type":"if","locations":[{"start":{"line":42,"column":2},"end":{"line":48,"column":3}},{"start":{"line":45,"column":9},"end":{"line":48,"column":3}}],"line":42},"5":{"loc":{"start":{"line":52,"column":2},"end":{"line":59,"column":3}},"type":"if","locations":[{"start":{"line":52,"column":2},"end":{"line":59,"column":3}},{"start":{"line":57,"column":9},"end":{"line":59,"column":3}}],"line":52},"6":{"loc":{"start":{"line":85,"column":6},"end":{"line":87,"column":7}},"type":"if","locations":[{"start":{"line":85,"column":6},"end":{"line":87,"column":7}},{"start":{},"end":{}}],"line":85},"7":{"loc":{"start":{"line":120,"column":2},"end":{"line":122,"column":3}},"type":"if","locations":[{"start":{"line":120,"column":2},"end":{"line":122,"column":3}},{"start":{},"end":{}}],"line":120},"8":{"loc":{"start":{"line":159,"column":2},"end":{"line":187,"column":3}},"type":"if","locations":[{"start":{"line":159,"column":2},"end":{"line":187,"column":3}},{"start":{"line":167,"column":9},"end":{"line":187,"column":3}}],"line":159},"9":{"loc":{"start":{"line":178,"column":8},"end":{"line":184,"column":9}},"type":"if","locations":[{"start":{"line":178,"column":8},"end":{"line":184,"column":9}},{"start":{"line":180,"column":15},"end":{"line":184,"column":9}}],"line":178},"10":{"loc":{"start":{"line":180,"column":15},"end":{"line":184,"column":9}},"type":"if","locations":[{"start":{"line":180,"column":15},"end":{"line":184,"column":9}},{"start":{"line":182,"column":15},"end":{"line":184,"column":9}}],"line":180},"11":{"loc":{"start":{"line":196,"column":2},"end":{"line":197,"column":21}},"type":"if","locations":[{"start":{"line":196,"column":2},"end":{"line":197,"column":21}},{"start":{},"end":{}}],"line":196}},"s":{"0":1,"1":1,"2":4,"3":4,"4":4,"5":4,"6":4,"7":4,"8":4,"9":0,"10":4,"11":1,"12":0,"13":0,"14":0,"15":0,"16":0,"17":0,"18":0,"19":0,"20":0,"21":0,"22":0,"23":0,"24":0,"25":0,"26":0,"27":0,"28":0,"29":0,"30":0,"31":0,"32":0,"33":0,"34":0,"35":0,"36":0,"37":0,"38":0,"39":0,"40":0,"41":0,"42":0,"43":1,"44":0,"45":0,"46":0,"47":0,"48":0,"49":0,"50":0,"51":0,"52":1,"53":0,"54":0,"55":0,"56":0,"57":0,"58":1,"59":1,"60":1,"61":0,"62":1,"63":0,"64":0,"65":0,"66":0,"67":0,"68":1,"69":1,"70":1},"f":{"0":4,"1":0,"2":0,"3":0,"4":0,"5":0,"6":0,"7":0,"8":0,"9":1,"10":0,"11":1},"b":{"0":[4,3],"1":[4,3],"2":[4,0],"3":[0,4],"4":[0,0],"5":[0,0],"6":[0,0],"7":[0,0],"8":[0,1],"9":[0,0],"10":[0,0],"11":[1,0]},"_coverageSchema":"1a1c01bbd47fc00a2c39e90264f33305004495a9","hash":"590de8f70fda90a78969589f01078716be95ba81"}
,"/Users/admin/mara/src/util/storage.js": {"path":"/Users/admin/mara/src/util/storage.js","statementMap":{"0":{"start":{"line":4,"column":4},"end":{"line":11,"column":5}},"1":{"start":{"line":5,"column":6},"end":{"line":5,"column":29}},"2":{"start":{"line":7,"column":6},"end":{"line":7,"column":24}},"3":{"start":{"line":8,"column":6},"end":{"line":8,"column":22}},"4":{"start":{"line":9,"column":6},"end":{"line":9,"column":28}},"5":{"start":{"line":10,"column":6},"end":{"line":10,"column":29}},"6":{"start":{"line":15,"column":4},"end":{"line":17,"column":5}},"7":{"start":{"line":16,"column":6},"end":{"line":16,"column":27}},"8":{"start":{"line":18,"column":4},"end":{"line":18,"column":64}},"9":{"start":{"line":22,"column":4},"end":{"line":22,"column":24}},"10":{"start":{"line":26,"column":0},"end":{"line":26,"column":23}},"11":{"start":{"line":28,"column":25},"end":{"line":30,"column":1}},"12":{"start":{"line":29,"column":2},"end":{"line":29,"column":37}}},"fnMap":{"0":{"name":"(anonymous_0)","decl":{"start":{"line":3,"column":2},"end":{"line":3,"column":3}},"loc":{"start":{"line":3,"column":29},"end":{"line":12,"column":3}},"line":3},"1":{"name":"(anonymous_1)","decl":{"start":{"line":14,"column":2},"end":{"line":14,"column":3}},"loc":{"start":{"line":14,"column":18},"end":{"line":19,"column":3}},"line":14},"2":{"name":"(anonymous_2)","decl":{"start":{"line":21,"column":2},"end":{"line":21,"column":3}},"loc":{"start":{"line":21,"column":15},"end":{"line":23,"column":3}},"line":21},"3":{"name":"(anonymous_3)","decl":{"start":{"line":28,"column":25},"end":{"line":28,"column":26}},"loc":{"start":{"line":28,"column":31},"end":{"line":30,"column":1}},"line":28}},"branchMap":{"0":{"loc":{"start":{"line":4,"column":4},"end":{"line":11,"column":5}},"type":"if","locations":[{"start":{"line":4,"column":4},"end":{"line":11,"column":5}},{"start":{"line":6,"column":11},"end":{"line":11,"column":5}}],"line":4},"1":{"loc":{"start":{"line":15,"column":4},"end":{"line":17,"column":5}},"type":"if","locations":[{"start":{"line":15,"column":4},"end":{"line":17,"column":5}},{"start":{},"end":{}}],"line":15}},"s":{"0":4,"1":3,"2":1,"3":1,"4":1,"5":1,"6":1,"7":0,"8":1,"9":2,"10":1,"11":1,"12":2},"f":{"0":4,"1":1,"2":2,"3":2},"b":{"0":[3,1],"1":[0,1]},"_coverageSchema":"1a1c01bbd47fc00a2c39e90264f33305004495a9","hash":"35e8726bd64e071da2b3cf71f649947efef4274a"}
,"/Users/admin/mara/src/util/util.js": {"path":"/Users/admin/mara/src/util/util.js","statementMap":{"0":{"start":{"line":3,"column":16},"end":{"line":31,"column":1}},"1":{"start":{"line":4,"column":32},"end":{"line":4,"column":90}},"2":{"start":{"line":4,"column":39},"end":{"line":4,"column":90}},"3":{"start":{"line":5,"column":16},"end":{"line":5,"column":46}},"4":{"start":{"line":6,"column":20},"end":{"line":6,"column":22}},"5":{"start":{"line":7,"column":10},"end":{"line":7,"column":11}},"6":{"start":{"line":8,"column":2},"end":{"line":29,"column":3}},"7":{"start":{"line":9,"column":20},"end":{"line":9,"column":28}},"8":{"start":{"line":10,"column":22},"end":{"line":10,"column":47}},"9":{"start":{"line":11,"column":22},"end":{"line":11,"column":49}},"10":{"start":{"line":12,"column":4},"end":{"line":16,"column":5}},"11":{"start":{"line":13,"column":6},"end":{"line":13,"column":46}},"12":{"start":{"line":14,"column":6},"end":{"line":14,"column":9}},"13":{"start":{"line":15,"column":6},"end":{"line":15,"column":14}},"14":{"start":{"line":17,"column":4},"end":{"line":21,"column":5}},"15":{"start":{"line":18,"column":6},"end":{"line":18,"column":64}},"16":{"start":{"line":19,"column":6},"end":{"line":19,"column":12}},"17":{"start":{"line":20,"column":6},"end":{"line":20,"column":14}},"18":{"start":{"line":22,"column":4},"end":{"line":26,"column":5}},"19":{"start":{"line":23,"column":6},"end":{"line":23,"column":64}},"20":{"start":{"line":24,"column":6},"end":{"line":24,"column":12}},"21":{"start":{"line":25,"column":6},"end":{"line":25,"column":14}},"22":{"start":{"line":27,"column":4},"end":{"line":27,"column":39}},"23":{"start":{"line":28,"column":4},"end":{"line":28,"column":7}},"24":{"start":{"line":30,"column":2},"end":{"line":30,"column":49}},"25":{"start":{"line":33,"column":13},"end":{"line":35,"column":1}},"26":{"start":{"line":34,"column":2},"end":{"line":34,"column":37}}},"fnMap":{"0":{"name":"(anonymous_0)","decl":{"start":{"line":3,"column":16},"end":{"line":3,"column":17}},"loc":{"start":{"line":3,"column":29},"end":{"line":31,"column":1}},"line":3},"1":{"name":"(anonymous_1)","decl":{"start":{"line":4,"column":32},"end":{"line":4,"column":33}},"loc":{"start":{"line":4,"column":39},"end":{"line":4,"column":90}},"line":4},"2":{"name":"(anonymous_2)","decl":{"start":{"line":33,"column":13},"end":{"line":33,"column":14}},"loc":{"start":{"line":33,"column":35},"end":{"line":35,"column":1}},"line":33}},"branchMap":{"0":{"loc":{"start":{"line":4,"column":39},"end":{"line":4,"column":90}},"type":"binary-expr","locations":[{"start":{"line":4,"column":40},"end":{"line":4,"column":49}},{"start":{"line":4,"column":53},"end":{"line":4,"column":61}},{"start":{"line":4,"column":67},"end":{"line":4,"column":76}},{"start":{"line":4,"column":80},"end":{"line":4,"column":89}}],"line":4},"1":{"loc":{"start":{"line":12,"column":4},"end":{"line":16,"column":5}},"type":"if","locations":[{"start":{"line":12,"column":4},"end":{"line":16,"column":5}},{"start":{},"end":{}}],"line":12},"2":{"loc":{"start":{"line":17,"column":4},"end":{"line":21,"column":5}},"type":"if","locations":[{"start":{"line":17,"column":4},"end":{"line":21,"column":5}},{"start":{},"end":{}}],"line":17},"3":{"loc":{"start":{"line":22,"column":4},"end":{"line":26,"column":5}},"type":"if","locations":[{"start":{"line":22,"column":4},"end":{"line":26,"column":5}},{"start":{},"end":{}}],"line":22}},"s":{"0":2,"1":1000,"2":17422,"3":1000,"4":1000,"5":1000,"6":1000,"7":10582,"8":10582,"9":10582,"10":10582,"11":806,"12":806,"13":806,"14":9776,"15":2130,"16":2130,"17":2130,"18":7646,"19":144,"20":144,"21":144,"22":7502,"23":7502,"24":1000,"25":2,"26":1},"f":{"0":1000,"1":17422,"2":1},"b":{"0":[17422,9055,15530,6667],"1":[806,9776],"2":[2130,7646],"3":[144,7502]},"_coverageSchema":"1a1c01bbd47fc00a2c39e90264f33305004495a9","hash":"173b453c349cc811f233c979bbfc5e99ce4158d0"}
}
