TN:
SF:src/index.js
FN:11,(anonymous_0)
FN:22,(anonymous_1)
FN:23,(anonymous_2)
FN:29,(anonymous_3)
FN:36,(anonymous_4)
FN:58,(anonymous_5)
FN:66,(anonymous_6)
FN:72,(anonymous_7)
FNF:8
FNH:7
FNDA:2,(anonymous_0)
FNDA:5,(anonymous_1)
FNDA:0,(anonymous_2)
FNDA:5,(anonymous_3)
FNDA:4,(anonymous_4)
FNDA:2,(anonymous_5)
FNDA:1,(anonymous_6)
FNDA:1,(anonymous_7)
DA:9,1
DA:10,1
DA:12,2
DA:23,5
DA:24,5
DA:25,5
DA:26,4
DA:30,5
DA:31,1
DA:37,4
DA:38,4
DA:39,4
DA:40,4
DA:41,4
DA:42,4
DA:43,4
DA:44,4
DA:45,4
DA:46,4
DA:48,0
DA:50,4
DA:51,1
DA:52,1
DA:53,1
DA:59,2
DA:67,1
DA:68,1
DA:69,1
DA:73,1
LF:29
LH:28
BRDA:9,0,0,1
BRDA:9,0,1,0
BRDA:22,1,0,0
BRDA:23,2,0,5
BRDA:23,2,1,4
BRDA:30,3,0,1
BRDA:30,3,1,4
BRDA:50,4,0,1
BRDA:50,4,1,3
BRDA:68,5,0,0
BRDA:68,5,1,1
BRF:11
BRH:8
end_of_record
TN:
SF:src/form/forms.js
FN:14,(anonymous_0)
FN:18,(anonymous_1)
FN:26,(anonymous_2)
FNF:3
FNH:3
FNDA:4,(anonymous_0)
FNDA:2,(anonymous_1)
FNDA:1,(anonymous_2)
DA:4,1
DA:14,1
DA:15,4
DA:17,1
DA:19,2
DA:26,2
DA:27,1
LF:7
LH:7
BRDA:23,0,0,2
BRDA:23,0,1,0
BRF:2
BRH:1
end_of_record
TN:
SF:src/probe/ajaxerr.js
FN:4,(anonymous_0)
FN:8,(anonymous_1)
FN:16,(anonymous_2)
FN:25,(anonymous_3)
FN:31,(anonymous_4)
FN:40,(anonymous_5)
FN:49,(anonymous_6)
FN:58,(anonymous_7)
FN:67,(anonymous_8)
FN:73,(anonymous_9)
FN:101,(anonymous_10)
FN:105,(anonymous_11)
FNF:12
FNH:2
FNDA:4,(anonymous_0)
FNDA:0,(anonymous_1)
FNDA:0,(anonymous_2)
FNDA:4,(anonymous_3)
FNDA:0,(anonymous_4)
FNDA:0,(anonymous_5)
FNDA:0,(anonymous_6)
FNDA:0,(anonymous_7)
FNDA:0,(anonymous_8)
FNDA:0,(anonymous_9)
FNDA:0,(anonymous_10)
FNDA:0,(anonymous_11)
DA:3,1
DA:4,1
DA:5,4
DA:8,1
DA:9,0
DA:16,1
DA:17,0
DA:25,1
DA:26,4
DA:27,4
DA:28,4
DA:29,4
DA:31,4
DA:32,0
DA:33,0
DA:34,0
DA:37,0
DA:40,4
DA:41,0
DA:42,0
DA:43,0
DA:44,0
DA:45,0
DA:46,0
DA:49,4
DA:50,0
DA:51,0
DA:52,0
DA:53,0
DA:55,0
DA:58,4
DA:59,0
DA:60,0
DA:61,0
DA:63,0
DA:67,1
DA:68,0
DA:69,0
DA:71,0
DA:73,0
DA:74,0
DA:75,0
DA:76,0
DA:77,0
DA:79,0
DA:82,0
DA:83,0
DA:85,0
DA:87,0
DA:92,0
DA:93,0
DA:94,0
DA:96,0
DA:97,0
DA:101,0
DA:102,0
DA:105,0
DA:106,0
DA:112,0
LF:59
LH:15
BRDA:25,0,0,3
BRDA:28,1,0,4
BRDA:28,1,1,4
BRDA:33,2,0,0
BRDA:33,2,1,0
BRDA:42,3,0,0
BRDA:42,3,1,0
BRDA:42,4,0,0
BRDA:42,4,1,0
BRDA:50,5,0,0
BRDA:50,5,1,0
BRDA:52,6,0,0
BRDA:52,6,1,0
BRDA:52,7,0,0
BRDA:52,7,1,0
BRDA:59,8,0,0
BRDA:59,8,1,0
BRDA:60,9,0,0
BRDA:60,9,1,0
BRDA:68,10,0,0
BRDA:68,10,1,0
BRDA:75,11,0,0
BRDA:75,11,1,0
BRDA:92,12,0,0
BRDA:92,12,1,0
BRDA:93,13,0,0
BRDA:93,13,1,0
BRDA:96,14,0,0
BRDA:96,14,1,0
BRDA:102,15,0,0
BRDA:102,15,1,0
BRDA:112,16,0,0
BRDA:112,16,1,0
BRF:33
BRH:3
end_of_record
TN:
SF:src/probe/fetcherr.js
FN:1,(anonymous_0)
FN:4,(anonymous_1)
FN:7,(anonymous_2)
FN:18,(anonymous_3)
FN:29,(anonymous_4)
FNF:5
FNH:2
FNDA:4,(anonymous_0)
FNDA:4,(anonymous_1)
FNDA:0,(anonymous_2)
FNDA:0,(anonymous_3)
FNDA:0,(anonymous_4)
DA:1,1
DA:2,4
DA:4,1
DA:5,4
DA:6,0
DA:7,0
DA:8,0
DA:9,0
DA:10,0
DA:11,0
DA:12,0
DA:13,0
DA:14,0
DA:17,0
DA:19,0
DA:20,0
DA:21,0
DA:27,0
DA:31,0
DA:32,0
DA:34,0
DA:36,0
DA:41,0
LF:23
LH:4
BRDA:5,0,0,4
BRDA:5,0,1,0
BRDA:9,1,0,0
BRDA:9,1,1,0
BRDA:10,2,0,0
BRDA:10,2,1,0
BRDA:11,3,0,0
BRDA:11,3,1,0
BRDA:11,4,0,0
BRDA:11,4,1,0
BRDA:12,5,0,0
BRDA:12,5,1,0
BRDA:13,6,0,0
BRDA:13,6,1,0
BRDA:14,7,0,0
BRDA:14,7,1,0
BRDA:20,8,0,0
BRDA:20,8,1,0
BRDA:20,9,0,0
BRDA:20,9,1,0
BRDA:32,10,0,0
BRDA:32,10,1,0
BRDA:32,11,0,0
BRDA:32,11,1,0
BRDA:34,12,0,0
BRDA:34,12,1,0
BRDA:34,13,0,0
BRDA:34,13,1,0
BRF:28
BRH:1
end_of_record
TN:
SF:src/probe/winerr.js
FN:4,(anonymous_0)
FN:13,(anonymous_1)
FN:17,(anonymous_2)
FN:19,(anonymous_3)
FNF:4
FNH:2
FNDA:0,(anonymous_0)
FNDA:4,(anonymous_1)
FNDA:4,(anonymous_2)
FNDA:0,(anonymous_3)
DA:4,1
DA:5,0
DA:10,0
DA:13,1
DA:14,4
DA:17,1
DA:18,4
DA:19,4
DA:20,0
DA:22,0
LF:10
LH:6
BRDA:7,0,0,0
BRDA:7,0,1,0
BRDA:20,1,0,0
BRDA:20,1,1,0
BRF:4
BRH:0
end_of_record
TN:
SF:src/show/panel.js
FN:3,Panel
FN:9,(anonymous_1)
FN:15,(anonymous_2)
FN:30,(anonymous_3)
FN:31,(anonymous_4)
FN:40,(anonymous_5)
FN:48,(anonymous_6)
FNF:7
FNH:4
FNDA:4,Panel
FNDA:4,(anonymous_1)
FNDA:0,(anonymous_2)
FNDA:4,(anonymous_3)
FNDA:0,(anonymous_4)
FNDA:0,(anonymous_5)
FNDA:1,(anonymous_6)
DA:4,4
DA:5,4
DA:8,1
DA:10,4
DA:12,4
DA:13,4
DA:16,0
DA:17,0
DA:18,0
DA:19,0
DA:22,0
DA:23,0
DA:24,0
DA:25,0
DA:30,1
DA:31,4
DA:32,0
DA:33,0
DA:34,0
DA:40,4
DA:41,0
DA:42,0
DA:43,0
DA:48,1
DA:49,1
LF:25
LH:11
BRDA:12,0,0,0
BRDA:12,0,1,4
BRDA:16,1,0,0
BRDA:16,1,1,0
BRDA:17,2,0,0
BRDA:17,2,1,0
BRDA:18,3,0,0
BRDA:18,3,1,0
BRDA:23,4,0,0
BRDA:23,4,1,0
BRDA:33,5,0,0
BRDA:33,5,1,0
BRDA:41,6,0,0
BRDA:41,6,1,0
BRDA:42,7,0,0
BRDA:42,7,1,0
BRDA:42,8,0,0
BRDA:42,8,1,0
BRF:18
BRH:1
end_of_record
TN:
SF:src/show/showpage.js
FN:20,ShowPage
FN:34,(anonymous_1)
FN:35,(anonymous_2)
FN:83,(anonymous_3)
FN:89,(anonymous_4)
FN:117,(anonymous_5)
FN:124,(anonymous_6)
FN:149,(anonymous_7)
FN:150,(anonymous_8)
FN:157,(anonymous_9)
FN:177,(anonymous_10)
FN:195,(anonymous_11)
FNF:12
FNH:3
FNDA:4,ShowPage
FNDA:0,(anonymous_1)
FNDA:0,(anonymous_2)
FNDA:0,(anonymous_3)
FNDA:0,(anonymous_4)
FNDA:0,(anonymous_5)
FNDA:0,(anonymous_6)
FNDA:0,(anonymous_7)
FNDA:0,(anonymous_8)
FNDA:1,(anonymous_9)
FNDA:0,(anonymous_10)
FNDA:1,(anonymous_11)
DA:11,1
DA:18,1
DA:21,4
DA:22,4
DA:23,4
DA:24,4
DA:25,4
DA:26,4
DA:27,4
DA:28,0
DA:30,4
DA:34,1
DA:35,0
DA:36,0
DA:37,0
DA:38,0
DA:39,0
DA:40,0
DA:42,0
DA:43,0
DA:44,0
DA:46,0
DA:47,0
DA:49,0
DA:52,0
DA:53,0
DA:54,0
DA:58,0
DA:60,0
DA:61,0
DA:67,0
DA:74,0
DA:75,0
DA:76,0
DA:84,0
DA:85,0
DA:86,0
DA:88,0
DA:89,0
DA:90,0
DA:91,0
DA:111,0
DA:117,1
DA:118,0
DA:119,0
DA:120,0
DA:121,0
DA:123,0
DA:124,0
DA:125,0
DA:145,0
DA:149,1
DA:150,0
DA:151,0
DA:152,0
DA:153,0
DA:157,1
DA:158,1
DA:159,1
DA:160,0
DA:168,1
DA:178,0
DA:179,0
DA:180,0
DA:181,0
DA:183,0
DA:195,1
DA:196,1
DA:197,1
LF:69
LH:20
BRDA:22,0,0,4
BRDA:22,0,1,3
BRDA:25,1,0,4
BRDA:25,1,1,3
BRDA:26,2,0,4
BRDA:26,2,1,0
BRDA:27,3,0,0
BRDA:27,3,1,4
BRDA:42,4,0,0
BRDA:42,4,1,0
BRDA:52,5,0,0
BRDA:52,5,1,0
BRDA:85,6,0,0
BRDA:85,6,1,0
BRDA:120,7,0,0
BRDA:120,7,1,0
BRDA:159,8,0,0
BRDA:159,8,1,1
BRDA:178,9,0,0
BRDA:178,9,1,0
BRDA:180,10,0,0
BRDA:180,10,1,0
BRDA:196,11,0,1
BRDA:196,11,1,0
BRF:24
BRH:8
end_of_record
TN:
SF:src/util/storage.js
FN:3,(anonymous_0)
FN:14,(anonymous_1)
FN:21,(anonymous_2)
FN:28,(anonymous_3)
FNF:4
FNH:4
FNDA:4,(anonymous_0)
FNDA:1,(anonymous_1)
FNDA:2,(anonymous_2)
FNDA:2,(anonymous_3)
DA:4,4
DA:5,3
DA:7,1
DA:8,1
DA:9,1
DA:10,1
DA:15,1
DA:16,0
DA:18,1
DA:22,2
DA:26,1
DA:28,1
DA:29,2
LF:13
LH:12
BRDA:4,0,0,3
BRDA:4,0,1,1
BRDA:15,1,0,0
BRDA:15,1,1,1
BRF:4
BRH:3
end_of_record
TN:
SF:src/util/util.js
FN:3,(anonymous_0)
FN:4,(anonymous_1)
FN:33,(anonymous_2)
FNF:3
FNH:3
FNDA:1000,(anonymous_0)
FNDA:17422,(anonymous_1)
FNDA:1,(anonymous_2)
DA:3,2
DA:4,17422
DA:5,1000
DA:6,1000
DA:7,1000
DA:8,1000
DA:9,10582
DA:10,10582
DA:11,10582
DA:12,10582
DA:13,806
DA:14,806
DA:15,806
DA:17,9776
DA:18,2130
DA:19,2130
DA:20,2130
DA:22,7646
DA:23,144
DA:24,144
DA:25,144
DA:27,7502
DA:28,7502
DA:30,1000
DA:33,2
DA:34,1
LF:26
LH:26
BRDA:4,0,0,17422
BRDA:4,0,1,9055
BRDA:4,0,2,15530
BRDA:4,0,3,6667
BRDA:12,1,0,806
BRDA:12,1,1,9776
BRDA:17,2,0,2130
BRDA:17,2,1,7646
BRDA:22,3,0,144
BRDA:22,3,1,7502
BRF:10
BRH:10
end_of_record
