TN:
SF:src/index.js
FN:10,(anonymous_0)
FN:23,(anonymous_1)
FN:24,(anonymous_2)
FN:30,(anonymous_3)
FN:37,(anonymous_4)
FN:60,(anonymous_5)
FN:69,(anonymous_6)
FN:76,(anonymous_7)
FNF:8
FNH:7
FNDA:7,(anonymous_0)
FNDA:5,(anonymous_1)
FNDA:0,(anonymous_2)
FNDA:5,(anonymous_3)
FNDA:4,(anonymous_4)
FNDA:2,(anonymous_5)
FNDA:1,(anonymous_6)
FNDA:1,(anonymous_7)
DA:10,1
DA:11,7
DA:12,7
DA:13,7
DA:14,7
DA:15,7
DA:24,5
DA:25,5
DA:26,5
DA:27,4
DA:31,5
DA:32,1
DA:38,4
DA:39,4
DA:40,4
DA:41,4
DA:42,4
DA:43,4
DA:44,4
DA:45,4
DA:46,4
DA:47,4
DA:48,4
DA:50,0
DA:52,4
DA:53,1
DA:54,1
DA:55,1
DA:61,2
DA:62,2
DA:70,1
DA:71,1
DA:72,1
DA:73,1
DA:77,1
LF:35
LH:34
BRDA:15,0,0,7
BRDA:15,0,1,0
BRDA:23,1,0,0
BRDA:24,2,0,5
BRDA:24,2,1,4
BRDA:31,3,0,1
BRDA:31,3,1,4
BRDA:38,4,0,0
BRDA:38,4,1,4
BRDA:38,5,0,4
BRDA:38,5,1,4
BRDA:52,6,0,1
BRDA:52,6,1,3
BRDA:61,7,0,0
BRDA:61,7,1,2
BRDA:70,8,0,0
BRDA:70,8,1,1
BRDA:72,9,0,0
BRDA:72,9,1,1
BRF:19
BRH:13
end_of_record
